<?xml version="1.0" encoding="utf-8"?><testsuites><testsuite name="pytest" errors="0" failures="0" skipped="0" tests="13" time="2.249" timestamp="2022-06-24T08:42:32.224242" hostname="RF0812003032543"><testcase classname="tests.test_app" name="test_ehlo" time="0.497" /><testcase classname="tests.test_app" name="test_app_is_created" time="0.735" /><testcase classname="tests.test_app" name="test_email_admin" time="0.009" /><testcase classname="tests.test_app" name="test_config_email_port" time="0.007" /><testcase classname="tests.test_app" name="test_request_returns_404" time="0.020" /><testcase classname="tests.test_app" name="test_request_return_200" time="0.080" /><testcase classname="tests.test_app" name="test_request_return_200_about" time="0.022" /><testcase classname="tests.test_app" name="test_password_hashing" time="0.339" /><testcase classname="tests.test_app" name="test_avatar" time="0.008" /><testcase classname="tests.test_app" name="test_avatar_rafael_incorreto" time="0.006" /><testcase classname="tests.test_app" name="test_url_for_about" time="0.015" /><testcase classname="tests.test_app" name="test_visualizacao_de_simulacao_nao_visivel_na_home" time="0.027" /><testcase classname="tests.test_app" name="test_url_login" time="0.033" /></testsuite></testsuites>